<?xml version="1.0" encoding="UTF-8"?>
<testsuite name="com.ll.exam1.MyArrayListTest" tests="1" skipped="0" failures="0" errors="0" timestamp="2023-04-19T06:36:52" hostname="DESKTOP-RDGCD11" time="0.015">
  <properties/>
  <testcase name="testRemove()" classname="com.ll.exam1.MyArrayListTest" time="0.015"/>
  <system-out><![CDATA[]]></system-out>
  <system-err><![CDATA[]]></system-err>
</testsuite>
