<?xml version="1.0" encoding="UTF-8"?>
<testsuite name="com.ll.exam1.MyArrayListTest" tests="1" skipped="0" failures="0" errors="0" timestamp="2023-04-19T06:27:06" hostname="DESKTOP-RDGCD11" time="0.053">
  <properties/>
  <testcase name="늘어나는지 자세히 비교" classname="com.ll.exam1.MyArrayListTest" time="0.053"/>
  <system-out><![CDATA[]]></system-out>
  <system-err><![CDATA[]]></system-err>
</testsuite>
