<?xml version="1.0" encoding="UTF-8"?>
<testsuite name="com.ll.exam1.MyArrayListTest" tests="1" skipped="0" failures="0" errors="0" timestamp="2023-04-20T01:05:41" hostname="DESKTOP-RDGCD11" time="0.069">
  <properties/>
  <testcase name="제네릭 타입 체크" classname="com.ll.exam1.MyArrayListTest" time="0.069"/>
  <system-out><![CDATA[]]></system-out>
  <system-err><![CDATA[]]></system-err>
</testsuite>
