<?xml version="1.0" encoding="UTF-8"?>
<testsuite name="com.ll.exam1.MyHashMap.MyhashMapTest" tests="3" skipped="0" failures="0" errors="0" timestamp="2023-04-20T05:06:50" hostname="DESKTOP-RDGCD11" time="0.06">
  <properties/>
  <testcase name="size()" classname="com.ll.exam1.MyHashMap.MyhashMapTest" time="0.056"/>
  <testcase name="put 구현" classname="com.ll.exam1.MyHashMap.MyhashMapTest" time="0.001"/>
  <testcase name="GET 구현" classname="com.ll.exam1.MyHashMap.MyhashMapTest" time="0.001"/>
  <system-out><![CDATA[]]></system-out>
  <system-err><![CDATA[]]></system-err>
</testsuite>
