<?xml version="1.0" encoding="UTF-8"?>
<testsuite name="com.ll.exam1.MyArrayListTest" tests="1" skipped="0" failures="0" errors="0" timestamp="2023-04-20T00:39:12" hostname="DESKTOP-RDGCD11" time="0.025">
  <properties/>
  <testcase name="testClear()" classname="com.ll.exam1.MyArrayListTest" time="0.025"/>
  <system-out><![CDATA[]]></system-out>
  <system-err><![CDATA[]]></system-err>
</testsuite>
